<?xml version="1.0" encoding="UTF-8"?>
<testng-results ignored="0" total="9" passed="8" failed="1" skipped="0">
  <reporter-output>
  </reporter-output>
  <suite started-at="2024-12-21T16:08:53 GMT+07:00" name="MasterSuite" finished-at="2024-12-21T16:10:06 GMT+07:00" duration-ms="72595">
    <groups>
      <group name="datadriven">
        <method signature="TC003_DDT.verify_loginDDT(java.lang.String,java.lang.String,java.lang.String)[pri:0, instance:testCases.TC003_DDT@2f62ea70]" name="verify_loginDDT" class="testCases.TC003_DDT"/>
      </group> <!-- datadriven -->
      <group name="regression">
        <method signature="TC002_AddToCart.verifyLogin()[pri:0, instance:testCases.TC002_AddToCart@7a1234bf]" name="verifyLogin" class="testCases.TC002_AddToCart"/>
      </group> <!-- regression -->
      <group name="sanity">
        <method signature="TC001_LoginTest.verifyLogin()[pri:0, instance:testCases.TC001_LoginTest@466276d8]" name="verifyLogin" class="testCases.TC001_LoginTest"/>
      </group> <!-- sanity -->
      <group name="master">
        <method signature="TC001_LoginTest.verifyLogin()[pri:0, instance:testCases.TC001_LoginTest@466276d8]" name="verifyLogin" class="testCases.TC001_LoginTest"/>
        <method signature="TC002_AddToCart.verifyLogin()[pri:0, instance:testCases.TC002_AddToCart@7a1234bf]" name="verifyLogin" class="testCases.TC002_AddToCart"/>
      </group> <!-- master -->
    </groups>
    <test started-at="2024-12-21T16:08:53 GMT+07:00" name="edgeTest" finished-at="2024-12-21T16:10:06 GMT+07:00" duration-ms="72595">
      <class name="testCases.TC001_LoginTest">
        <test-method is-config="true" signature="setup(java.lang.String,java.lang.String,org.testng.ITestContext)[pri:0, instance:testCases.TC001_LoginTest@466276d8]" started-at="2024-12-21T16:08:53 GMT+07:00" name="setup" finished-at="2024-12-21T16:09:07 GMT+07:00" duration-ms="13701" status="PASS">
          <params>
            <param index="0">
              <value>
                <![CDATA[edge]]>
              </value>
            </param>
            <param index="1">
              <value>
                <![CDATA[Windows]]>
              </value>
            </param>
            <param index="2">
              <value>
                <![CDATA[org.testng.TestRunner@ceb7701]]>
              </value>
            </param>
          </params>
          <reporter-output>
          </reporter-output>
        </test-method> <!-- setup -->
        <test-method signature="verifyLogin()[pri:0, instance:testCases.TC001_LoginTest@466276d8]" started-at="2024-12-21T16:09:07 GMT+07:00" name="verifyLogin" finished-at="2024-12-21T16:09:08 GMT+07:00" duration-ms="717" status="PASS">
          <reporter-output>
          </reporter-output>
        </test-method> <!-- verifyLogin -->
        <test-method is-config="true" signature="teardown()[pri:0, instance:testCases.TC001_LoginTest@466276d8]" started-at="2024-12-21T16:09:08 GMT+07:00" name="teardown" finished-at="2024-12-21T16:09:13 GMT+07:00" duration-ms="4963" status="PASS">
          <reporter-output>
          </reporter-output>
        </test-method> <!-- teardown -->
      </class> <!-- testCases.TC001_LoginTest -->
      <class name="testCases.TC002_AddToCart">
        <test-method is-config="true" signature="setup(java.lang.String,java.lang.String,org.testng.ITestContext)[pri:0, instance:testCases.TC002_AddToCart@7a1234bf]" started-at="2024-12-21T16:09:13 GMT+07:00" name="setup" finished-at="2024-12-21T16:09:22 GMT+07:00" duration-ms="9277" status="PASS">
          <params>
            <param index="0">
              <value>
                <![CDATA[edge]]>
              </value>
            </param>
            <param index="1">
              <value>
                <![CDATA[Windows]]>
              </value>
            </param>
            <param index="2">
              <value>
                <![CDATA[org.testng.TestRunner@ceb7701]]>
              </value>
            </param>
          </params>
          <reporter-output>
          </reporter-output>
        </test-method> <!-- setup -->
        <test-method signature="verifyLogin()[pri:0, instance:testCases.TC002_AddToCart@7a1234bf]" started-at="2024-12-21T16:09:22 GMT+07:00" name="verifyLogin" finished-at="2024-12-21T16:09:23 GMT+07:00" duration-ms="815" status="PASS">
          <reporter-output>
          </reporter-output>
        </test-method> <!-- verifyLogin -->
        <test-method is-config="true" signature="teardown()[pri:0, instance:testCases.TC002_AddToCart@7a1234bf]" started-at="2024-12-21T16:09:23 GMT+07:00" name="teardown" finished-at="2024-12-21T16:09:26 GMT+07:00" duration-ms="2846" status="PASS">
          <reporter-output>
          </reporter-output>
        </test-method> <!-- teardown -->
      </class> <!-- testCases.TC002_AddToCart -->
      <class name="testCases.TC003_DDT">
        <test-method is-config="true" signature="setup(java.lang.String,java.lang.String,org.testng.ITestContext)[pri:0, instance:testCases.TC003_DDT@2f62ea70]" started-at="2024-12-21T16:09:26 GMT+07:00" name="setup" finished-at="2024-12-21T16:09:37 GMT+07:00" duration-ms="11493" status="PASS">
          <params>
            <param index="0">
              <value>
                <![CDATA[edge]]>
              </value>
            </param>
            <param index="1">
              <value>
                <![CDATA[Windows]]>
              </value>
            </param>
            <param index="2">
              <value>
                <![CDATA[org.testng.TestRunner@ceb7701]]>
              </value>
            </param>
          </params>
          <reporter-output>
          </reporter-output>
        </test-method> <!-- setup -->
        <test-method signature="verify_loginDDT(java.lang.String,java.lang.String,java.lang.String)[pri:0, instance:testCases.TC003_DDT@2f62ea70]" started-at="2024-12-21T16:09:40 GMT+07:00" name="verify_loginDDT" data-provider="LoginData" finished-at="2024-12-21T16:09:44 GMT+07:00" duration-ms="4068" status="PASS">
          <params>
            <param index="0">
              <value>
                <![CDATA[standard_user]]>
              </value>
            </param>
            <param index="1">
              <value>
                <![CDATA[secret_sauce]]>
              </value>
            </param>
            <param index="2">
              <value>
                <![CDATA[Valid]]>
              </value>
            </param>
          </params>
          <reporter-output>
          </reporter-output>
        </test-method> <!-- verify_loginDDT -->
        <test-method signature="verify_loginDDT(java.lang.String,java.lang.String,java.lang.String)[pri:0, instance:testCases.TC003_DDT@2f62ea70]" started-at="2024-12-21T16:09:44 GMT+07:00" name="verify_loginDDT" data-provider="LoginData" finished-at="2024-12-21T16:09:47 GMT+07:00" duration-ms="3498" status="PASS">
          <params>
            <param index="0">
              <value>
                <![CDATA[locked_out_user]]>
              </value>
            </param>
            <param index="1">
              <value>
                <![CDATA[secret_sauce]]>
              </value>
            </param>
            <param index="2">
              <value>
                <![CDATA[Invalid]]>
              </value>
            </param>
          </params>
          <reporter-output>
          </reporter-output>
        </test-method> <!-- verify_loginDDT -->
        <test-method signature="verify_loginDDT(java.lang.String,java.lang.String,java.lang.String)[pri:0, instance:testCases.TC003_DDT@2f62ea70]" started-at="2024-12-21T16:09:47 GMT+07:00" name="verify_loginDDT" data-provider="LoginData" finished-at="2024-12-21T16:09:51 GMT+07:00" duration-ms="3863" status="PASS">
          <params>
            <param index="0">
              <value>
                <![CDATA[problem_user]]>
              </value>
            </param>
            <param index="1">
              <value>
                <![CDATA[secret_sauce]]>
              </value>
            </param>
            <param index="2">
              <value>
                <![CDATA[Valid]]>
              </value>
            </param>
          </params>
          <reporter-output>
          </reporter-output>
        </test-method> <!-- verify_loginDDT -->
        <test-method signature="verify_loginDDT(java.lang.String,java.lang.String,java.lang.String)[pri:0, instance:testCases.TC003_DDT@2f62ea70]" started-at="2024-12-21T16:09:51 GMT+07:00" name="verify_loginDDT" data-provider="LoginData" finished-at="2024-12-21T16:09:55 GMT+07:00" duration-ms="3915" status="PASS">
          <params>
            <param index="0">
              <value>
                <![CDATA[error_user]]>
              </value>
            </param>
            <param index="1">
              <value>
                <![CDATA[secret_sauce]]>
              </value>
            </param>
            <param index="2">
              <value>
                <![CDATA[Valid]]>
              </value>
            </param>
          </params>
          <reporter-output>
          </reporter-output>
        </test-method> <!-- verify_loginDDT -->
        <test-method signature="verify_loginDDT(java.lang.String,java.lang.String,java.lang.String)[pri:0, instance:testCases.TC003_DDT@2f62ea70]" started-at="2024-12-21T16:09:55 GMT+07:00" name="verify_loginDDT" data-provider="LoginData" finished-at="2024-12-21T16:09:59 GMT+07:00" duration-ms="3833" status="PASS">
          <params>
            <param index="0">
              <value>
                <![CDATA[visual_user]]>
              </value>
            </param>
            <param index="1">
              <value>
                <![CDATA[secret_sauce]]>
              </value>
            </param>
            <param index="2">
              <value>
                <![CDATA[Valid]]>
              </value>
            </param>
          </params>
          <reporter-output>
          </reporter-output>
        </test-method> <!-- verify_loginDDT -->
        <test-method signature="verify_loginDDT(java.lang.String,java.lang.String,java.lang.String)[pri:0, instance:testCases.TC003_DDT@2f62ea70]" started-at="2024-12-21T16:09:59 GMT+07:00" name="verify_loginDDT" data-provider="LoginData" finished-at="2024-12-21T16:10:02 GMT+07:00" duration-ms="3484" status="PASS">
          <params>
            <param index="0">
              <value>
                <![CDATA[standard_user]]>
              </value>
            </param>
            <param index="1">
              <value>
                <![CDATA[sauce]]>
              </value>
            </param>
            <param index="2">
              <value>
                <![CDATA[Invalid]]>
              </value>
            </param>
          </params>
          <reporter-output>
          </reporter-output>
        </test-method> <!-- verify_loginDDT -->
        <test-method signature="verify_loginDDT(java.lang.String,java.lang.String,java.lang.String)[pri:0, instance:testCases.TC003_DDT@2f62ea70]" started-at="2024-12-21T16:10:02 GMT+07:00" name="verify_loginDDT" data-provider="LoginData" finished-at="2024-12-21T16:10:03 GMT+07:00" duration-ms="814" status="FAIL">
          <params>
            <param index="0">
              <value>
                <![CDATA[]]>
              </value>
            </param>
            <param index="1">
              <value>
                <![CDATA[secret_sauce]]>
              </value>
            </param>
            <param index="2">
              <value>
                <![CDATA[Invalid]]>
              </value>
            </param>
          </params>
          <exception class="java.lang.AssertionError">
            <message>
              <![CDATA[expected [true] but found [false]]]>
            </message>
            <full-stacktrace>
              <![CDATA[java.lang.AssertionError: expected [true] but found [false]
at org.testng.Assert.fail(Assert.java:111)
at org.testng.Assert.failNotEquals(Assert.java:1578)
at org.testng.Assert.assertTrue(Assert.java:57)
at org.testng.Assert.assertTrue(Assert.java:67)
at testCases.TC003_DDT.verify_loginDDT(TC003_DDT.java:43)
at java.base/jdk.internal.reflect.DirectMethodHandleAccessor.invoke(DirectMethodHandleAccessor.java:103)
at java.base/java.lang.reflect.Method.invoke(Method.java:580)
at org.testng.internal.invokers.MethodInvocationHelper.invokeMethod(MethodInvocationHelper.java:141)
at org.testng.internal.invokers.TestInvoker.invokeMethod(TestInvoker.java:686)
at org.testng.internal.invokers.TestInvoker.invokeTestMethod(TestInvoker.java:230)
at org.testng.internal.invokers.MethodRunner.runInSequence(MethodRunner.java:63)
at org.testng.internal.invokers.TestInvoker$MethodInvocationAgent.invoke(TestInvoker.java:992)
at org.testng.internal.invokers.TestInvoker.invokeTestMethods(TestInvoker.java:203)
at org.testng.internal.invokers.TestMethodWorker.invokeTestMethods(TestMethodWorker.java:154)
at org.testng.internal.invokers.TestMethodWorker.run(TestMethodWorker.java:134)
at java.base/java.util.ArrayList.forEach(ArrayList.java:1597)
at org.testng.TestRunner.privateRun(TestRunner.java:739)
at org.testng.TestRunner.run(TestRunner.java:614)
at org.testng.SuiteRunner.runTest(SuiteRunner.java:421)
at org.testng.SuiteRunner.runSequentially(SuiteRunner.java:413)
at org.testng.SuiteRunner.privateRun(SuiteRunner.java:373)
at org.testng.SuiteRunner.run(SuiteRunner.java:312)
at org.testng.SuiteRunnerWorker.runSuite(SuiteRunnerWorker.java:52)
at org.testng.SuiteRunnerWorker.run(SuiteRunnerWorker.java:95)
at org.testng.TestNG.runSuitesSequentially(TestNG.java:1274)
at org.testng.TestNG.runSuitesLocally(TestNG.java:1208)
at org.testng.TestNG.runSuites(TestNG.java:1112)
at org.testng.TestNG.run(TestNG.java:1079)
at org.apache.maven.surefire.testng.TestNGExecutor.run(TestNGExecutor.java:308)
at org.apache.maven.surefire.testng.TestNGXmlTestSuite.execute(TestNGXmlTestSuite.java:71)
at org.apache.maven.surefire.testng.TestNGProvider.invoke(TestNGProvider.java:113)
at org.apache.maven.surefire.booter.ForkedBooter.runSuitesInProcess(ForkedBooter.java:385)
at org.apache.maven.surefire.booter.ForkedBooter.execute(ForkedBooter.java:162)
at org.apache.maven.surefire.booter.ForkedBooter.run(ForkedBooter.java:507)
at org.apache.maven.surefire.booter.ForkedBooter.main(ForkedBooter.java:495)
]]>
            </full-stacktrace>
          </exception> <!-- java.lang.AssertionError -->
          <reporter-output>
          </reporter-output>
        </test-method> <!-- verify_loginDDT -->
        <test-method is-config="true" signature="teardown()[pri:0, instance:testCases.TC003_DDT@2f62ea70]" started-at="2024-12-21T16:10:04 GMT+07:00" name="teardown" finished-at="2024-12-21T16:10:06 GMT+07:00" duration-ms="2172" status="PASS">
          <reporter-output>
          </reporter-output>
        </test-method> <!-- teardown -->
      </class> <!-- testCases.TC003_DDT -->
    </test> <!-- edgeTest -->
  </suite> <!-- MasterSuite -->
</testng-results>
